<?xml version='1.0' encoding='UTF-8'?>
<testsuite hostname="horsey" name="spells.user.ClearPrintTests" tests="2" errors="0" failures="0" skipped="0" time="0.007" timestamp="2020-07-03T08:59:10">
                     <properties>
      <property name="java.vendor" value="GraalVM Community"/><property name="sun.java.launcher" value="SUN_STANDARD"/><property name="sun.management.compiler" value="HotSpot 64-Bit Tiered Compilers"/><property name="jnidispatch.path" value="/home/vlad/.cache/JNA/temp/jna640685309963099778.tmp"/><property name="os.name" value="Linux"/><property name="org.graalvm.tool.agentscript.home" value="/usr/lib/jvm/graalvm-ce-java8-20.1.0/jre/tools/agentscript"/><property name="sun.boot.class.path" value="/usr/lib/jvm/graalvm-ce-java8-20.1.0/jre/lib/resources.jar:/usr/lib/jvm/graalvm-ce-java8-20.1.0/jre/lib/rt.jar:/usr/lib/jvm/graalvm-ce-java8-20.1.0/jre/lib/sunrsasign.jar:/usr/lib/jvm/graalvm-ce-java8-20.1.0/jre/lib/jsse.jar:/usr/lib/jvm/graalvm-ce-java8-20.1.0/jre/lib/jce.jar:/usr/lib/jvm/graalvm-ce-java8-20.1.0/jre/lib/charsets.jar:/usr/lib/jvm/graalvm-ce-java8-20.1.0/jre/lib/jfr.jar:/usr/lib/jvm/graalvm-ce-java8-20.1.0/jre/lib/jvmci-services.jar:/usr/lib/jvm/graalvm-ce-java8-20.1.0/jre/classes:/usr/lib/jvm/graalvm-ce-java8-20.1.0/jre/lib/boot/graal-sdk.jar:/usr/lib/jvm/graalvm-ce-java8-20.1.0/jre/lib/boot/graaljs-scriptengine.jar"/><property name="sun.desktop" value="gnome"/><property name="java.vm.specification.vendor" value="Oracle Corporation"/><property name="java.runtime.version" value="1.8.0_252-b09"/><property name="profiler.home" value="/usr/lib/jvm/graalvm-ce-java8-20.1.0/jre/tools/profiler"/><property name="jna.loaded" value="true"/><property name="org.graalvm.tool.coverage.home" value="/usr/lib/jvm/graalvm-ce-java8-20.1.0/jre/tools/coverage"/><property name="org.graalvm.language.js.home" value="/usr/lib/jvm/graalvm-ce-java8-20.1.0/jre/languages/js"/><property name="user.name" value="vlad"/><property name="org.graalvm.tool.lsp.home" value="/usr/lib/jvm/graalvm-ce-java8-20.1.0/jre/tools/lsp"/><property name="user.language" value="en"/><property name="org.graalvm.tool.chromeinspector.home" value="/usr/lib/jvm/graalvm-ce-java8-20.1.0/jre/tools/chromeinspector"/><property name="sun.boot.library.path" value="/usr/lib/jvm/graalvm-ce-java8-20.1.0/jre/lib/amd64"/><property name="org.graalvm.language.regex.home" value="/usr/lib/jvm/graalvm-ce-java8-20.1.0/jre/languages/regex"/><property name="jna.nosys" value="true"/><property name="java.util.logging.manager" value="wvlet.log.AirframeLogManager"/><property name="java.version" value="1.8.0_252"/><property name="user.timezone" value="America/Araguaina"/><property name="org.graalvm.tool.profiler.home" value="/usr/lib/jvm/graalvm-ce-java8-20.1.0/jre/tools/profiler"/><property name="sun.arch.data.model" value="64"/><property name="jline.shutdownhook" value="false"/><property name="java.endorsed.dirs" value="/usr/lib/jvm/graalvm-ce-java8-20.1.0/jre/lib/endorsed"/><property name="sun.cpu.isalist" value=""/><property name="sun.jnu.encoding" value="UTF-8"/><property name="file.encoding.pkg" value="sun.io"/><property name="file.separator" value="/"/><property name="java.specification.name" value="Java Platform API Specification"/><property name="js.home" value="/usr/lib/jvm/graalvm-ce-java8-20.1.0/jre/languages/js"/><property name="org.graalvm.language.nfi.home" value="/usr/lib/jvm/graalvm-ce-java8-20.1.0/jre/languages/nfi"/><property name="java.class.version" value="52.0"/><property name="llvm.home" value="/usr/lib/jvm/graalvm-ce-java8-20.1.0/jre/languages/llvm"/><property name="user.country" value="US"/><property name="java.home" value="/usr/lib/jvm/graalvm-ce-java8-20.1.0/jre"/><property name="java.vm.info" value="mixed mode"/><property name="os.version" value="5.3.0-62-generic"/><property name="sun.font.fontmanager" value="sun.awt.X11FontManager"/><property name="agentscript.home" value="/usr/lib/jvm/graalvm-ce-java8-20.1.0/jre/tools/agentscript"/><property name="path.separator" value=":"/><property name="java.vm.version" value="25.252-b09-jvmci-20.1-b02"/><property name="sun.awt.enableExtraMouseButtons" value="true"/><property name="java.awt.printerjob" value="sun.print.PSPrinterJob"/><property name="sun.io.unicode.encoding" value="UnicodeLittle"/><property name="awt.toolkit" value="sun.awt.X11.XToolkit"/><property name="org.graalvm.language.llvm.home" value="/usr/lib/jvm/graalvm-ce-java8-20.1.0/jre/languages/llvm"/><property name="user.home" value="/home/vlad"/><property name="java.specification.vendor" value="Oracle Corporation"/><property name="swoval.tmpdir" value="/home/vlad/.sbt/1.0"/><property name="java.library.path" value="/usr/java/packages/lib/amd64:/usr/lib64:/lib64:/lib:/usr/lib"/><property name="java.vendor.url" value="https://www.graalvm.org/"/><property name="org.graalvm.version" value="20.1.0"/><property name="jline.esc.timeout" value="0"/><property name="org.graalvm.home" value="/usr/lib/jvm/graalvm-ce-java8-20.1.0"/><property name="java.vm.vendor" value="GraalVM Community"/><property name="java.runtime.name" value="OpenJDK Runtime Environment"/><property name="sun.java.command" value="/usr/share/sbt/bin/sbt-launch.jar"/><property name="java.class.path" value="/usr/share/sbt/bin/sbt-launch.jar"/><property name="chromeinspector.home" value="/usr/lib/jvm/graalvm-ce-java8-20.1.0/jre/tools/chromeinspector"/><property name="java.vm.specification.name" value="Java Virtual Machine Specification"/><property name="java.vm.specification.version" value="1.8"/><property name="lsp.home" value="/usr/lib/jvm/graalvm-ce-java8-20.1.0/jre/tools/lsp"/><property name="sun.cpu.endian" value="little"/><property name="sun.os.patch.level" value="unknown"/><property name="regex.home" value="/usr/lib/jvm/graalvm-ce-java8-20.1.0/jre/languages/regex"/><property name="java.io.tmpdir" value="/tmp"/><property name="java.vendor.url.bug" value="https://github.com/oracle/graal/issues"/><property name="jna.platform.library.path" value="/usr/lib/x86_64-linux-gnu:/lib/x86_64-linux-gnu:/lib64:/usr/lib:/lib:/usr/lib/x86_64-linux-gnu/libfakeroot"/><property name="os.arch" value="amd64"/><property name="java.awt.graphicsenv" value="sun.awt.X11GraphicsEnvironment"/><property name="java.ext.dirs" value="/usr/lib/jvm/graalvm-ce-java8-20.1.0/jre/lib/ext:/usr/java/packages/lib/ext"/><property name="user.dir" value="/home/vlad/dev/github/agilesteel/spells"/><property name="line.separator" value="
"/><property name="java.vm.name" value="OpenJDK 64-Bit Server VM GraalVM CE 20.1.0"/><property name="log4j.ignoreTCL" value="true"/><property name="nfi.home" value="/usr/lib/jvm/graalvm-ce-java8-20.1.0/jre/languages/nfi"/><property name="file.encoding" value="UTF-8"/><property name="jvmci.Compiler" value="graal"/><property name="coverage.home" value="/usr/lib/jvm/graalvm-ce-java8-20.1.0/jre/tools/coverage"/><property name="java.specification.version" value="1.8"/>
    </properties>
                     <testcase classname="spells.user.ClearPrintTests" name="cleared(sample)(Blue) should be(styled(ClearPrint.Clear.value + s&quot;\r$sample&quot; + Reset.value)(Blue))" time="0.007">
                                                 
                                               </testcase><testcase classname="spells.user.ClearPrintTests" name="Scoverage should be happy" time="0.0">
                                                 
                                               </testcase>
                     <system-out><![CDATA[]]></system-out>
                     <system-err><![CDATA[]]></system-err>
                   </testsuite>